[2025-01-30 23:17:52] SYSTEM - 1.1.1 changed from null to 0
[2025-01-30 23:17:52] SYSTEM - 1.1.1.0 changed from null to 0
[2025-01-30 23:17:52] SYSTEM - 1.2.1 changed from null to 22.0
[2025-01-30 23:17:52] SYSTEM - 1.3.1 changed from null to 0
[2025-01-30 23:17:52] SYSTEM - 1.3.1.0 changed from null to 22.0
[2025-01-30 23:17:52] ENVIRONMENT - 1.2.1 changed from 22.0 to 18.056385545355308
[2025-01-30 23:17:52] ENVIRONMENT - 1.2.1 changed from 18.056385545355308 to 18.2
[2025-01-30 23:17:52] ENV_SENSOR - 1.2.1 changed from 18.056385545355308 to 18.2
[2025-01-30 23:17:57] ENVIRONMENT - 1.2.1 changed from 18.2 to 18.2
[2025-01-30 23:17:57] ENV_SENSOR - 1.2.1 changed from 18.2 to 18.2
[2025-01-30 23:18:02] ENVIRONMENT - 1.2.1 changed from 18.2 to 18.1
[2025-01-30 23:18:02] ENV_SENSOR - 1.2.1 changed from 18.2 to 18.1
[2025-01-30 23:18:07] ENVIRONMENT - 1.2.1 changed from 18.1 to 18.2
[2025-01-30 23:18:07] ENV_SENSOR - 1.2.1 changed from 18.1 to 18.2
[2025-01-30 23:18:12] ENVIRONMENT - 1.2.1 changed from 18.2 to 18.0
[2025-01-30 23:18:12] ENV_SENSOR - 1.2.1 changed from 18.2 to 18.0
[2025-01-30 23:18:17] ENVIRONMENT - 1.2.1 changed from 18.0 to 17.8
[2025-01-30 23:18:17] ENV_SENSOR - 1.2.1 changed from 18.0 to 17.8
[2025-01-30 23:18:22] ENVIRONMENT - 1.2.1 changed from 17.8 to 17.8
[2025-01-30 23:18:22] ENV_SENSOR - 1.2.1 changed from 17.8 to 17.8
[2025-01-30 23:18:27] ENVIRONMENT - 1.2.1 changed from 17.8 to 17.9
[2025-01-30 23:18:27] ENV_SENSOR - 1.2.1 changed from 17.8 to 17.9
[2025-01-30 23:18:32] ENVIRONMENT - 1.2.1 changed from 17.9 to 18.0
[2025-01-30 23:18:32] ENV_SENSOR - 1.2.1 changed from 17.9 to 18.0
[2025-01-30 23:18:37] ENVIRONMENT - 1.2.1 changed from 18.0 to 18.0
[2025-01-30 23:18:37] ENV_SENSOR - 1.2.1 changed from 18.0 to 18.0
[2025-01-30 23:18:42] ENVIRONMENT - 1.2.1 changed from 18.0 to 18.1
[2025-01-30 23:18:42] ENV_SENSOR - 1.2.1 changed from 18.0 to 18.1
[2025-01-30 23:18:47] ENVIRONMENT - 1.2.1 changed from 18.1 to 18.1
[2025-01-30 23:18:47] ENV_SENSOR - 1.2.1 changed from 18.1 to 18.1
[2025-01-30 23:18:52] ENVIRONMENT - 1.2.1 changed from 18.1 to 18.2
[2025-01-30 23:18:52] ENV_SENSOR - 1.2.1 changed from 18.1 to 18.2
[2025-01-30 23:18:57] ENVIRONMENT - 1.2.1 changed from 18.2 to 18.4
[2025-01-30 23:18:57] ENV_SENSOR - 1.2.1 changed from 18.2 to 18.4
[2025-01-30 23:19:02] ENVIRONMENT - 1.2.1 changed from 18.4 to 18.6
[2025-01-30 23:19:02] ENV_SENSOR - 1.2.1 changed from 18.4 to 18.6
[2025-01-30 23:19:07] ENVIRONMENT - 1.2.1 changed from 18.6 to 18.8
[2025-01-30 23:19:07] ENV_SENSOR - 1.2.1 changed from 18.6 to 18.8
[2025-01-30 23:19:12] ENVIRONMENT - 1.2.1 changed from 18.8 to 18.6
[2025-01-30 23:19:12] ENV_SENSOR - 1.2.1 changed from 18.8 to 18.6
[2025-01-30 23:19:17] ENVIRONMENT - 1.2.1 changed from 18.6 to 18.6
[2025-01-30 23:19:17] ENV_SENSOR - 1.2.1 changed from 18.6 to 18.6
[2025-01-30 23:19:22] ENVIRONMENT - 1.2.1 changed from 18.6 to 18.6
[2025-01-30 23:19:22] ENV_SENSOR - 1.2.1 changed from 18.6 to 18.6
[2025-01-30 23:19:27] ENVIRONMENT - 1.2.1 changed from 18.6 to 18.4
[2025-01-30 23:19:27] ENV_SENSOR - 1.2.1 changed from 18.6 to 18.4
[2025-01-30 23:19:32] ENVIRONMENT - 1.2.1 changed from 18.4 to 18.4
[2025-01-30 23:19:32] ENV_SENSOR - 1.2.1 changed from 18.4 to 18.4
[2025-01-30 23:19:37] ENVIRONMENT - 1.2.1 changed from 18.4 to 18.5
[2025-01-30 23:19:37] ENV_SENSOR - 1.2.1 changed from 18.4 to 18.5
[2025-01-30 23:19:39] SYSTEM - 1.1.1 changed from null to 0
[2025-01-30 23:19:39] SYSTEM - 1.1.1.0 changed from null to 0
[2025-01-30 23:19:39] SYSTEM - 1.2.1 changed from null to 22.0
[2025-01-30 23:19:39] SYSTEM - 1.3.1 changed from null to 0
[2025-01-30 23:19:39] SYSTEM - 1.3.1.0 changed from null to 22.0
[2025-01-30 23:19:42] ENVIRONMENT - 1.2.1 changed from 18.5 to 18.4
[2025-01-30 23:19:42] ENV_SENSOR - 1.2.1 changed from 18.5 to 18.4
[2025-01-30 23:19:46] LIGHTING - 1.1.2 changed from null to 1
[2025-01-30 23:19:47] ENVIRONMENT - 1.2.1 changed from 18.4 to 18.5
[2025-01-30 23:19:47] ENV_SENSOR - 1.2.1 changed from 18.4 to 18.5
[2025-01-30 23:19:52] ENVIRONMENT - 1.2.1 changed from 18.5 to 18.4
[2025-01-30 23:19:52] ENV_SENSOR - 1.2.1 changed from 18.5 to 18.4
[2025-01-30 23:19:57] ENVIRONMENT - 1.2.1 changed from 18.4 to 18.6
[2025-01-30 23:19:57] ENV_SENSOR - 1.2.1 changed from 18.4 to 18.6
[2025-01-30 23:20:02] ENVIRONMENT - 1.2.1 changed from 18.6 to 18.8
[2025-01-30 23:20:02] ENV_SENSOR - 1.2.1 changed from 18.6 to 18.8
[2025-01-30 23:20:03] LIGHTING - 1.1.2.0 changed from null to 65
[2025-01-30 23:20:07] ENVIRONMENT - 1.2.1 changed from 18.8 to 19.0
[2025-01-30 23:20:07] ENV_SENSOR - 1.2.1 changed from 18.8 to 19.0
[2025-01-30 23:20:12] ENVIRONMENT - 1.2.1 changed from 19.0 to 19.0
[2025-01-30 23:20:12] ENV_SENSOR - 1.2.1 changed from 19.0 to 19.0
[2025-01-30 23:20:17] ENVIRONMENT - 1.2.1 changed from 19.0 to 18.9
[2025-01-30 23:20:17] ENV_SENSOR - 1.2.1 changed from 19.0 to 18.9
[2025-01-30 23:20:18] LIGHTING - 1.1.4 changed from null to 1
[2025-01-30 23:20:22] ENVIRONMENT - 1.2.1 changed from 18.9 to 19.0
[2025-01-30 23:20:22] ENV_SENSOR - 1.2.1 changed from 18.9 to 19.0
[2025-01-30 23:20:27] ENVIRONMENT - 1.2.1 changed from 19.0 to 18.9
[2025-01-30 23:20:27] ENV_SENSOR - 1.2.1 changed from 19.0 to 18.9
[2025-01-30 23:20:32] ENVIRONMENT - 1.2.1 changed from 18.9 to 19.1
[2025-01-30 23:20:32] ENV_SENSOR - 1.2.1 changed from 18.9 to 19.1
[2025-01-30 23:20:37] ENVIRONMENT - 1.2.1 changed from 19.1 to 19.0
[2025-01-30 23:20:37] ENV_SENSOR - 1.2.1 changed from 19.1 to 19.0
[2025-01-30 23:20:42] ENVIRONMENT - 1.2.1 changed from 19.0 to 18.9
[2025-01-30 23:20:42] ENV_SENSOR - 1.2.1 changed from 19.0 to 18.9
[2025-01-30 23:20:47] ENVIRONMENT - 1.2.1 changed from 18.9 to 18.8
[2025-01-30 23:20:47] ENV_SENSOR - 1.2.1 changed from 18.9 to 18.8
[2025-01-30 23:20:52] ENVIRONMENT - 1.2.1 changed from 18.8 to 19.0
[2025-01-30 23:20:52] ENV_SENSOR - 1.2.1 changed from 18.8 to 19.0
[2025-01-30 23:20:57] ENVIRONMENT - 1.2.1 changed from 19.0 to 18.9
[2025-01-30 23:20:57] ENV_SENSOR - 1.2.1 changed from 19.0 to 18.9
[2025-01-30 23:21:02] ENVIRONMENT - 1.2.1 changed from 18.9 to 18.9
[2025-01-30 23:21:02] ENV_SENSOR - 1.2.1 changed from 18.9 to 18.9
[2025-01-30 23:21:07] ENVIRONMENT - 1.2.1 changed from 18.9 to 18.7
[2025-01-30 23:21:07] ENV_SENSOR - 1.2.1 changed from 18.9 to 18.7
[2025-01-30 23:21:13] ENVIRONMENT - 1.2.1 changed from 18.7 to 18.5
[2025-01-30 23:21:13] ENV_SENSOR - 1.2.1 changed from 18.7 to 18.5
[2025-01-31 00:46:16] LIGHTING@SYSTEM - 1.1.2 changed from null to 1
[2025-01-31 00:46:16] LIGHTING@LOCAL - 1.1.2 changed from No such instance to 1
[2025-01-31 00:49:33] SYSTEM@SYSTEM - 1.1.1 changed from null to 0
[2025-01-31 00:49:33] SYSTEM@SYSTEM - 1.1.1.0 changed from null to 0
[2025-01-31 00:49:33] SYSTEM@SYSTEM - 1.2.1 changed from null to 22.0
[2025-01-31 00:49:33] SYSTEM@SYSTEM - 1.3.1 changed from null to 0
[2025-01-31 00:49:33] SYSTEM@SYSTEM - 1.3.1.0 changed from null to 22.0
[2025-01-31 00:49:33] ENVIRONMENT@SYSTEM - 1.2.1 changed from 22.0 to 24.23830038878245
[2025-01-31 00:49:33] ENVIRONMENT@SYSTEM - 1.2.1 changed from 24.23830038878245 to 24.5
[2025-01-31 00:49:33] ENV_SENSOR@SYSTEM - 1.2.1 changed from 24.23830038878245 to 24.5
[2025-01-31 00:49:38] ENVIRONMENT@SYSTEM - 1.2.1 changed from 24.5 to 24.3
[2025-01-31 00:49:38] ENV_SENSOR@SYSTEM - 1.2.1 changed from 24.5 to 24.3
[2025-01-31 00:49:43] ENVIRONMENT@SYSTEM - 1.2.1 changed from 24.3 to 24.4
[2025-01-31 00:49:43] ENV_SENSOR@SYSTEM - 1.2.1 changed from 24.3 to 24.4
[2025-01-31 00:49:48] ENVIRONMENT@SYSTEM - 1.2.1 changed from 24.4 to 24.3
[2025-01-31 00:49:48] ENV_SENSOR@SYSTEM - 1.2.1 changed from 24.4 to 24.3
[2025-01-31 00:49:49] SYSTEM@SYSTEM - 1.1.1 changed from null to 0
[2025-01-31 00:49:49] SYSTEM@SYSTEM - 1.1.1.0 changed from null to 0
[2025-01-31 00:49:49] SYSTEM@SYSTEM - 1.2.1 changed from null to 22.0
[2025-01-31 00:49:49] SYSTEM@SYSTEM - 1.3.1 changed from null to 0
[2025-01-31 00:49:49] SYSTEM@SYSTEM - 1.3.1.0 changed from null to 22.0
[2025-01-31 00:49:53] ENVIRONMENT@SYSTEM - 1.2.1 changed from 24.3 to 24.3
[2025-01-31 00:49:53] ENV_SENSOR@SYSTEM - 1.2.1 changed from 24.3 to 24.3
[2025-01-31 00:49:56] LIGHTING@SYSTEM - 1.1.1 changed from 0 to 1
[2025-01-31 00:49:56] LIGHTING@LOCAL - 1.1.1 changed from 0 to 1
[2025-01-31 00:49:58] ENVIRONMENT@SYSTEM - 1.2.1 changed from 24.3 to 24.2
[2025-01-31 00:49:58] ENV_SENSOR@SYSTEM - 1.2.1 changed from 24.3 to 24.2
[2025-01-31 00:50:03] ENVIRONMENT@SYSTEM - 1.2.1 changed from 24.2 to 24.3
[2025-01-31 00:50:03] ENV_SENSOR@SYSTEM - 1.2.1 changed from 24.2 to 24.3
[2025-01-31 00:50:08] ENVIRONMENT@SYSTEM - 1.2.1 changed from 24.3 to 24.2
[2025-01-31 00:50:08] ENV_SENSOR@SYSTEM - 1.2.1 changed from 24.3 to 24.2
[2025-01-31 00:50:13] ENVIRONMENT@SYSTEM - 1.2.1 changed from 24.2 to 24.4
[2025-01-31 00:50:13] ENV_SENSOR@SYSTEM - 1.2.1 changed from 24.2 to 24.4
[2025-01-31 00:50:18] ENVIRONMENT@SYSTEM - 1.2.1 changed from 24.4 to 24.3
[2025-01-31 00:50:18] ENV_SENSOR@SYSTEM - 1.2.1 changed from 24.4 to 24.3
[2025-01-31 00:50:23] ENVIRONMENT@SYSTEM - 1.2.1 changed from 24.3 to 24.3
[2025-01-31 00:50:23] ENV_SENSOR@SYSTEM - 1.2.1 changed from 24.3 to 24.3
[2025-01-31 00:50:28] ENVIRONMENT@SYSTEM - 1.2.1 changed from 24.3 to 24.2
[2025-01-31 00:50:28] ENV_SENSOR@SYSTEM - 1.2.1 changed from 24.3 to 24.2
[2025-01-31 00:50:33] ENVIRONMENT@SYSTEM - 1.2.1 changed from 24.2 to 24.1
[2025-01-31 00:50:33] ENV_SENSOR@SYSTEM - 1.2.1 changed from 24.2 to 24.1
[2025-01-31 00:50:38] ENVIRONMENT@SYSTEM - 1.2.1 changed from 24.1 to 24.0
[2025-01-31 00:50:38] ENV_SENSOR@SYSTEM - 1.2.1 changed from 24.1 to 24.0
[2025-01-31 00:50:43] ENVIRONMENT@SYSTEM - 1.2.1 changed from 24.0 to 24.1
[2025-01-31 00:50:43] ENV_SENSOR@SYSTEM - 1.2.1 changed from 24.0 to 24.1
[2025-01-31 00:50:48] ENVIRONMENT@SYSTEM - 1.2.1 changed from 24.1 to 23.9
[2025-01-31 00:50:48] ENV_SENSOR@SYSTEM - 1.2.1 changed from 24.1 to 23.9
[2025-01-31 00:50:53] ENVIRONMENT@SYSTEM - 1.2.1 changed from 23.9 to 23.7
[2025-01-31 00:50:53] ENV_SENSOR@SYSTEM - 1.2.1 changed from 23.9 to 23.7
[2025-01-31 00:50:58] ENVIRONMENT@SYSTEM - 1.2.1 changed from 23.7 to 23.9
[2025-01-31 00:50:58] ENV_SENSOR@SYSTEM - 1.2.1 changed from 23.7 to 23.9
[2025-01-31 00:51:03] ENVIRONMENT@SYSTEM - 1.2.1 changed from 23.9 to 23.8
[2025-01-31 00:51:03] ENV_SENSOR@SYSTEM - 1.2.1 changed from 23.9 to 23.8
[2025-01-31 00:51:03] AC@SYSTEM - 1.3.2 changed from null to 1
[2025-01-31 00:51:03] AC@LOCAL - 1.3.2 changed from No such instance to 1
[2025-01-31 00:51:08] ENVIRONMENT@SYSTEM - 1.2.1 changed from 23.8 to 24.0
[2025-01-31 00:51:08] ENV_SENSOR@SYSTEM - 1.2.1 changed from 23.8 to 24.0
[2025-01-31 00:51:13] ENVIRONMENT@SYSTEM - 1.2.1 changed from 24.0 to 24.2
[2025-01-31 00:51:13] ENV_SENSOR@SYSTEM - 1.2.1 changed from 24.0 to 24.2
[2025-01-31 00:51:18] ENVIRONMENT@SYSTEM - 1.2.1 changed from 24.2 to 24.4
[2025-01-31 00:51:18] ENV_SENSOR@SYSTEM - 1.2.1 changed from 24.2 to 24.4
[2025-01-31 00:51:23] ENVIRONMENT@SYSTEM - 1.2.1 changed from 24.4 to 24.4
[2025-01-31 00:51:23] ENV_SENSOR@SYSTEM - 1.2.1 changed from 24.4 to 24.4
[2025-01-31 00:51:28] ENVIRONMENT@SYSTEM - 1.2.1 changed from 24.4 to 24.4
[2025-01-31 00:51:28] ENV_SENSOR@SYSTEM - 1.2.1 changed from 24.4 to 24.4
[2025-01-31 00:51:33] ENVIRONMENT@SYSTEM - 1.2.1 changed from 24.4 to 24.5
[2025-01-31 00:51:33] ENV_SENSOR@SYSTEM - 1.2.1 changed from 24.4 to 24.5
[2025-01-31 00:51:38] ENVIRONMENT@SYSTEM - 1.2.1 changed from 24.5 to 24.7
[2025-01-31 00:51:38] ENV_SENSOR@SYSTEM - 1.2.1 changed from 24.5 to 24.7
[2025-01-31 00:51:43] ENVIRONMENT@SYSTEM - 1.2.1 changed from 24.7 to 24.5
[2025-01-31 00:51:43] ENV_SENSOR@SYSTEM - 1.2.1 changed from 24.7 to 24.5
[2025-01-31 00:51:48] ENVIRONMENT@SYSTEM - 1.2.1 changed from 24.5 to 24.4
[2025-01-31 00:51:48] ENV_SENSOR@SYSTEM - 1.2.1 changed from 24.5 to 24.4
[2025-01-31 00:51:53] ENVIRONMENT@SYSTEM - 1.2.1 changed from 24.4 to 24.6
[2025-01-31 00:51:53] ENV_SENSOR@SYSTEM - 1.2.1 changed from 24.4 to 24.6
[2025-01-31 00:51:58] ENVIRONMENT@SYSTEM - 1.2.1 changed from 24.6 to 24.6
[2025-01-31 00:51:58] ENV_SENSOR@SYSTEM - 1.2.1 changed from 24.6 to 24.6
[2025-01-31 00:52:03] ENVIRONMENT@SYSTEM - 1.2.1 changed from 24.6 to 24.8
[2025-01-31 00:52:03] ENV_SENSOR@SYSTEM - 1.2.1 changed from 24.6 to 24.8
[2025-01-31 00:52:08] ENVIRONMENT@SYSTEM - 1.2.1 changed from 24.8 to 24.9
[2025-01-31 00:52:08] ENV_SENSOR@SYSTEM - 1.2.1 changed from 24.8 to 24.9
[2025-01-31 00:52:13] ENVIRONMENT@SYSTEM - 1.2.1 changed from 24.9 to 25.0
[2025-01-31 00:52:13] ENV_SENSOR@SYSTEM - 1.2.1 changed from 24.9 to 25.0
[2025-01-31 00:52:18] ENVIRONMENT@SYSTEM - 1.2.1 changed from 25.0 to 24.8
[2025-01-31 00:52:18] ENV_SENSOR@SYSTEM - 1.2.1 changed from 25.0 to 24.8
[2025-01-31 00:52:23] ENVIRONMENT@SYSTEM - 1.2.1 changed from 24.8 to 24.6
[2025-01-31 00:52:23] ENV_SENSOR@SYSTEM - 1.2.1 changed from 24.8 to 24.6
[2025-01-31 00:52:28] ENVIRONMENT@SYSTEM - 1.2.1 changed from 24.6 to 24.6
[2025-01-31 00:52:28] ENV_SENSOR@SYSTEM - 1.2.1 changed from 24.6 to 24.6
[2025-01-31 00:52:33] ENVIRONMENT@SYSTEM - 1.2.1 changed from 24.6 to 24.4
[2025-01-31 00:52:33] ENV_SENSOR@SYSTEM - 1.2.1 changed from 24.6 to 24.4
[2025-01-31 00:52:38] ENVIRONMENT@SYSTEM - 1.2.1 changed from 24.4 to 24.5
[2025-01-31 00:52:38] ENV_SENSOR@SYSTEM - 1.2.1 changed from 24.4 to 24.5
[2025-01-31 00:52:43] ENVIRONMENT@SYSTEM - 1.2.1 changed from 24.5 to 24.3
[2025-01-31 00:52:43] ENV_SENSOR@SYSTEM - 1.2.1 changed from 24.5 to 24.3
[2025-01-31 00:52:48] ENVIRONMENT@SYSTEM - 1.2.1 changed from 24.3 to 24.3
[2025-01-31 00:52:48] ENV_SENSOR@SYSTEM - 1.2.1 changed from 24.3 to 24.3
[2025-01-31 00:52:53] ENVIRONMENT@SYSTEM - 1.2.1 changed from 24.3 to 24.5
[2025-01-31 00:52:53] ENV_SENSOR@SYSTEM - 1.2.1 changed from 24.3 to 24.5
[2025-01-31 00:52:58] ENVIRONMENT@SYSTEM - 1.2.1 changed from 24.5 to 24.4
[2025-01-31 00:52:58] ENV_SENSOR@SYSTEM - 1.2.1 changed from 24.5 to 24.4
[2025-01-31 00:53:03] ENVIRONMENT@SYSTEM - 1.2.1 changed from 24.4 to 24.3
[2025-01-31 00:53:03] ENV_SENSOR@SYSTEM - 1.2.1 changed from 24.4 to 24.3
[2025-01-31 00:53:08] ENVIRONMENT@SYSTEM - 1.2.1 changed from 24.3 to 24.3
[2025-01-31 00:53:08] ENV_SENSOR@SYSTEM - 1.2.1 changed from 24.3 to 24.3
[2025-01-31 00:53:13] ENVIRONMENT@SYSTEM - 1.2.1 changed from 24.3 to 24.4
[2025-01-31 00:53:13] ENV_SENSOR@SYSTEM - 1.2.1 changed from 24.3 to 24.4
[2025-01-31 00:53:18] ENVIRONMENT@SYSTEM - 1.2.1 changed from 24.4 to 24.4
[2025-01-31 00:53:18] ENV_SENSOR@SYSTEM - 1.2.1 changed from 24.4 to 24.4
[2025-01-31 00:53:23] ENVIRONMENT@SYSTEM - 1.2.1 changed from 24.4 to 24.2
[2025-01-31 00:53:23] ENV_SENSOR@SYSTEM - 1.2.1 changed from 24.4 to 24.2
[2025-01-31 00:53:28] ENVIRONMENT@SYSTEM - 1.2.1 changed from 24.2 to 24.4
[2025-01-31 00:53:28] ENV_SENSOR@SYSTEM - 1.2.1 changed from 24.2 to 24.4
[2025-01-31 00:53:33] ENVIRONMENT@SYSTEM - 1.2.1 changed from 24.4 to 24.2
[2025-01-31 00:53:33] ENV_SENSOR@SYSTEM - 1.2.1 changed from 24.4 to 24.2
[2025-01-31 00:53:38] ENVIRONMENT@SYSTEM - 1.2.1 changed from 24.2 to 24.2
[2025-01-31 00:53:38] ENV_SENSOR@SYSTEM - 1.2.1 changed from 24.2 to 24.2
[2025-01-31 00:53:43] ENVIRONMENT@SYSTEM - 1.2.1 changed from 24.2 to 24.4
[2025-01-31 00:53:43] ENV_SENSOR@SYSTEM - 1.2.1 changed from 24.2 to 24.4
[2025-01-31 00:53:48] ENVIRONMENT@SYSTEM - 1.2.1 changed from 24.4 to 24.3
[2025-01-31 00:53:48] ENV_SENSOR@SYSTEM - 1.2.1 changed from 24.4 to 24.3
[2025-01-31 00:53:53] ENVIRONMENT@SYSTEM - 1.2.1 changed from 24.3 to 24.5
[2025-01-31 00:53:53] ENV_SENSOR@SYSTEM - 1.2.1 changed from 24.3 to 24.5
[2025-01-31 00:53:58] ENVIRONMENT@SYSTEM - 1.2.1 changed from 24.5 to 24.6
[2025-01-31 00:53:58] ENV_SENSOR@SYSTEM - 1.2.1 changed from 24.5 to 24.6
[2025-01-31 00:54:03] ENVIRONMENT@SYSTEM - 1.2.1 changed from 24.6 to 24.6
[2025-01-31 00:54:03] ENV_SENSOR@SYSTEM - 1.2.1 changed from 24.6 to 24.6
[2025-01-31 00:54:08] ENVIRONMENT@SYSTEM - 1.2.1 changed from 24.6 to 24.5
[2025-01-31 00:54:08] ENV_SENSOR@SYSTEM - 1.2.1 changed from 24.6 to 24.5
[2025-01-31 00:54:13] ENVIRONMENT@SYSTEM - 1.2.1 changed from 24.5 to 24.7
[2025-01-31 00:54:13] ENV_SENSOR@SYSTEM - 1.2.1 changed from 24.5 to 24.7
[2025-01-31 00:54:18] ENVIRONMENT@SYSTEM - 1.2.1 changed from 24.7 to 24.6
[2025-01-31 00:54:18] ENV_SENSOR@SYSTEM - 1.2.1 changed from 24.7 to 24.6
[2025-01-31 00:54:23] ENVIRONMENT@SYSTEM - 1.2.1 changed from 24.6 to 24.5
[2025-01-31 00:54:23] ENV_SENSOR@SYSTEM - 1.2.1 changed from 24.6 to 24.5
[2025-01-31 00:54:28] ENVIRONMENT@SYSTEM - 1.2.1 changed from 24.5 to 24.7
[2025-01-31 00:54:28] ENV_SENSOR@SYSTEM - 1.2.1 changed from 24.5 to 24.7
[2025-01-31 00:54:34] ENVIRONMENT@SYSTEM - 1.2.1 changed from 24.7 to 24.8
[2025-01-31 00:54:34] ENV_SENSOR@SYSTEM - 1.2.1 changed from 24.7 to 24.8
[2025-01-31 00:54:39] ENVIRONMENT@SYSTEM - 1.2.1 changed from 24.8 to 24.8
[2025-01-31 00:54:39] ENV_SENSOR@SYSTEM - 1.2.1 changed from 24.8 to 24.8
[2025-01-31 00:54:44] ENVIRONMENT@SYSTEM - 1.2.1 changed from 24.8 to 24.9
[2025-01-31 00:54:44] ENV_SENSOR@SYSTEM - 1.2.1 changed from 24.8 to 24.9
[2025-01-31 00:54:49] ENVIRONMENT@SYSTEM - 1.2.1 changed from 24.9 to 25.1
[2025-01-31 00:54:49] ENV_SENSOR@SYSTEM - 1.2.1 changed from 24.9 to 25.1
[2025-01-31 00:54:54] ENVIRONMENT@SYSTEM - 1.2.1 changed from 25.1 to 25.0
[2025-01-31 00:54:54] ENV_SENSOR@SYSTEM - 1.2.1 changed from 25.1 to 25.0
[2025-01-31 00:54:59] ENVIRONMENT@SYSTEM - 1.2.1 changed from 25.0 to 25.0
[2025-01-31 00:54:59] ENV_SENSOR@SYSTEM - 1.2.1 changed from 25.0 to 25.0
[2025-01-31 00:55:56] SYSTEM - 1.1.1 changed from null to 0
[2025-01-31 00:55:56] SYSTEM - 1.1.1.0 changed from null to 0
[2025-01-31 00:55:56] SYSTEM - 1.2.1 changed from null to 22.0
[2025-01-31 00:55:56] SYSTEM - 1.3.1 changed from null to 0
[2025-01-31 00:55:56] SYSTEM - 1.3.1.0 changed from null to 22.0
[2025-01-31 00:55:56] ENVIRONMENT - 1.2.1 changed from 22.0 to 23.970264582951422
[2025-01-31 00:55:56] ENVIRONMENT - 1.2.1 changed from 23.970264582951422 to 24.0
[2025-01-31 00:55:56] ENV_SENSOR - 1.2.1 changed from 23.970264582951422 to 24.0
[2025-01-31 00:55:59] SYSTEM - 1.1.1 changed from null to 0
[2025-01-31 00:55:59] SYSTEM - 1.1.1.0 changed from null to 0
[2025-01-31 00:55:59] SYSTEM - 1.2.1 changed from null to 22.0
[2025-01-31 00:55:59] SYSTEM - 1.3.1 changed from null to 0
[2025-01-31 00:55:59] SYSTEM - 1.3.1.0 changed from null to 22.0
[2025-01-31 00:56:01] ENVIRONMENT - 1.2.1 changed from 24.0 to 24.2
[2025-01-31 00:56:01] ENV_SENSOR - 1.2.1 changed from 24.0 to 24.2
[2025-01-31 00:56:06] LIGHTING - 1.1.2 changed from null to 1
[2025-01-31 00:56:06] ENVIRONMENT - 1.2.1 changed from 24.2 to 24.1
[2025-01-31 00:56:06] ENV_SENSOR - 1.2.1 changed from 24.2 to 24.1
[2025-01-31 00:56:11] ENVIRONMENT - 1.2.1 changed from 24.1 to 24.2
[2025-01-31 00:56:11] ENV_SENSOR - 1.2.1 changed from 24.1 to 24.2
[2025-01-31 00:56:16] LIGHTING - 1.1.2.0 changed from null to 98
[2025-01-31 00:56:16] ENVIRONMENT - 1.2.1 changed from 24.2 to 24.3
[2025-01-31 00:56:16] ENV_SENSOR - 1.2.1 changed from 24.2 to 24.3
[2025-01-31 00:56:21] ENVIRONMENT - 1.2.1 changed from 24.3 to 24.5
[2025-01-31 00:56:21] ENV_SENSOR - 1.2.1 changed from 24.3 to 24.5
[2025-01-31 00:56:26] ENVIRONMENT - 1.2.1 changed from 24.5 to 24.3
[2025-01-31 00:56:26] ENV_SENSOR - 1.2.1 changed from 24.5 to 24.3
[2025-01-31 00:56:31] ENVIRONMENT - 1.2.1 changed from 24.3 to 24.1
[2025-01-31 00:56:31] ENV_SENSOR - 1.2.1 changed from 24.3 to 24.1
[2025-01-31 00:56:36] ENVIRONMENT - 1.2.1 changed from 24.1 to 23.9
[2025-01-31 00:56:36] ENV_SENSOR - 1.2.1 changed from 24.1 to 23.9
[2025-01-31 00:56:41] ENVIRONMENT - 1.2.1 changed from 23.9 to 23.7
[2025-01-31 00:56:41] ENV_SENSOR - 1.2.1 changed from 23.9 to 23.7
[2025-01-31 00:56:46] ENVIRONMENT - 1.2.1 changed from 23.7 to 23.9
[2025-01-31 00:56:46] ENV_SENSOR - 1.2.1 changed from 23.7 to 23.9
[2025-01-31 00:56:51] ENVIRONMENT - 1.2.1 changed from 23.9 to 23.8
[2025-01-31 00:56:51] ENV_SENSOR - 1.2.1 changed from 23.9 to 23.8
[2025-01-31 00:56:56] ENVIRONMENT - 1.2.1 changed from 23.8 to 23.8
[2025-01-31 00:56:56] ENV_SENSOR - 1.2.1 changed from 23.8 to 23.8
[2025-01-31 00:57:01] ENVIRONMENT - 1.2.1 changed from 23.8 to 23.7
[2025-01-31 00:57:01] ENV_SENSOR - 1.2.1 changed from 23.8 to 23.7
[2025-01-31 00:57:06] ENVIRONMENT - 1.2.1 changed from 23.7 to 23.9
[2025-01-31 00:57:06] ENV_SENSOR - 1.2.1 changed from 23.7 to 23.9
[2025-01-31 00:57:11] ENVIRONMENT - 1.2.1 changed from 23.9 to 24.1
[2025-01-31 00:57:11] ENV_SENSOR - 1.2.1 changed from 23.9 to 24.1
[2025-01-31 00:57:16] ENVIRONMENT - 1.2.1 changed from 24.1 to 24.0
[2025-01-31 00:57:16] ENV_SENSOR - 1.2.1 changed from 24.1 to 24.0
[2025-01-31 00:57:21] ENVIRONMENT - 1.2.1 changed from 24.0 to 23.9
[2025-01-31 00:57:21] ENV_SENSOR - 1.2.1 changed from 24.0 to 23.9
[2025-01-31 00:57:26] ENVIRONMENT - 1.2.1 changed from 23.9 to 24.0
[2025-01-31 00:57:26] ENV_SENSOR - 1.2.1 changed from 23.9 to 24.0
[2025-01-31 00:57:31] ENVIRONMENT - 1.2.1 changed from 24.0 to 24.2
[2025-01-31 00:57:31] ENV_SENSOR - 1.2.1 changed from 24.0 to 24.2
[2025-01-31 00:57:36] ENVIRONMENT - 1.2.1 changed from 24.2 to 24.1
[2025-01-31 00:57:36] ENV_SENSOR - 1.2.1 changed from 24.2 to 24.1
[2025-01-31 00:57:41] ENVIRONMENT - 1.2.1 changed from 24.1 to 23.9
[2025-01-31 00:57:41] ENV_SENSOR - 1.2.1 changed from 24.1 to 23.9
[2025-01-31 00:57:46] ENVIRONMENT - 1.2.1 changed from 23.9 to 24.0
[2025-01-31 00:57:46] ENV_SENSOR - 1.2.1 changed from 23.9 to 24.0
[2025-01-31 00:57:51] ENVIRONMENT - 1.2.1 changed from 24.0 to 24.2
[2025-01-31 00:57:51] ENV_SENSOR - 1.2.1 changed from 24.0 to 24.2
[2025-01-31 00:57:56] ENVIRONMENT - 1.2.1 changed from 24.2 to 24.4
[2025-01-31 00:57:56] ENV_SENSOR - 1.2.1 changed from 24.2 to 24.4
[2025-01-31 00:58:01] ENVIRONMENT - 1.2.1 changed from 24.4 to 24.6
[2025-01-31 00:58:01] ENV_SENSOR - 1.2.1 changed from 24.4 to 24.6
[2025-01-31 00:58:06] ENVIRONMENT - 1.2.1 changed from 24.6 to 24.6
[2025-01-31 00:58:06] ENV_SENSOR - 1.2.1 changed from 24.6 to 24.6
[2025-01-31 00:58:11] ENVIRONMENT - 1.2.1 changed from 24.6 to 24.4
[2025-01-31 00:58:11] ENV_SENSOR - 1.2.1 changed from 24.6 to 24.4
[2025-01-31 00:58:16] ENVIRONMENT - 1.2.1 changed from 24.4 to 24.6
[2025-01-31 00:58:16] ENV_SENSOR - 1.2.1 changed from 24.4 to 24.6
[2025-01-31 00:58:21] ENVIRONMENT - 1.2.1 changed from 24.6 to 24.7
[2025-01-31 00:58:21] ENV_SENSOR - 1.2.1 changed from 24.6 to 24.7
[2025-01-31 00:58:26] ENVIRONMENT - 1.2.1 changed from 24.7 to 24.7
[2025-01-31 00:58:26] ENV_SENSOR - 1.2.1 changed from 24.7 to 24.7
[2025-01-31 00:58:31] ENVIRONMENT - 1.2.1 changed from 24.7 to 24.7
[2025-01-31 00:58:31] ENV_SENSOR - 1.2.1 changed from 24.7 to 24.7
[2025-01-31 00:58:36] ENVIRONMENT - 1.2.1 changed from 24.7 to 24.8
[2025-01-31 00:58:36] ENV_SENSOR - 1.2.1 changed from 24.7 to 24.8
[2025-01-31 00:58:41] ENVIRONMENT - 1.2.1 changed from 24.8 to 25.0
[2025-01-31 00:58:41] ENV_SENSOR - 1.2.1 changed from 24.8 to 25.0
[2025-01-31 00:58:46] ENVIRONMENT - 1.2.1 changed from 25.0 to 24.9
[2025-01-31 00:58:46] ENV_SENSOR - 1.2.1 changed from 25.0 to 24.9
[2025-01-31 00:58:51] ENVIRONMENT - 1.2.1 changed from 24.9 to 24.9
[2025-01-31 00:58:51] ENV_SENSOR - 1.2.1 changed from 24.9 to 24.9
[2025-01-31 00:58:56] ENVIRONMENT - 1.2.1 changed from 24.9 to 24.7
[2025-01-31 00:58:56] ENV_SENSOR - 1.2.1 changed from 24.9 to 24.7
[2025-01-31 00:59:01] ENVIRONMENT - 1.2.1 changed from 24.7 to 24.5
[2025-01-31 00:59:01] ENV_SENSOR - 1.2.1 changed from 24.7 to 24.5
[2025-01-31 00:59:06] ENVIRONMENT - 1.2.1 changed from 24.5 to 24.7
[2025-01-31 00:59:06] ENV_SENSOR - 1.2.1 changed from 24.5 to 24.7
[2025-01-31 00:59:11] ENVIRONMENT - 1.2.1 changed from 24.7 to 24.7
[2025-01-31 00:59:11] ENV_SENSOR - 1.2.1 changed from 24.7 to 24.7
[2025-01-31 00:59:16] ENVIRONMENT - 1.2.1 changed from 24.7 to 24.6
[2025-01-31 00:59:16] ENV_SENSOR - 1.2.1 changed from 24.7 to 24.6
[2025-01-31 00:59:21] ENVIRONMENT - 1.2.1 changed from 24.6 to 24.7
[2025-01-31 00:59:21] ENV_SENSOR - 1.2.1 changed from 24.6 to 24.7
[2025-01-31 00:59:26] ENVIRONMENT - 1.2.1 changed from 24.7 to 24.6
[2025-01-31 00:59:26] ENV_SENSOR - 1.2.1 changed from 24.7 to 24.6
[2025-01-31 00:59:31] ENVIRONMENT - 1.2.1 changed from 24.6 to 24.7
[2025-01-31 00:59:31] ENV_SENSOR - 1.2.1 changed from 24.6 to 24.7
[2025-01-31 00:59:36] ENVIRONMENT - 1.2.1 changed from 24.7 to 24.5
[2025-01-31 00:59:36] ENV_SENSOR - 1.2.1 changed from 24.7 to 24.5
[2025-01-31 00:59:41] ENVIRONMENT - 1.2.1 changed from 24.5 to 24.4
[2025-01-31 00:59:41] ENV_SENSOR - 1.2.1 changed from 24.5 to 24.4
[2025-01-31 00:59:46] ENVIRONMENT - 1.2.1 changed from 24.4 to 24.4
[2025-01-31 00:59:46] ENV_SENSOR - 1.2.1 changed from 24.4 to 24.4
[2025-01-31 00:59:51] ENVIRONMENT - 1.2.1 changed from 24.4 to 24.5
[2025-01-31 00:59:51] ENV_SENSOR - 1.2.1 changed from 24.4 to 24.5
[2025-01-31 00:59:57] ENVIRONMENT - 1.2.1 changed from 24.5 to 24.4
[2025-01-31 00:59:57] ENV_SENSOR - 1.2.1 changed from 24.5 to 24.4
[2025-01-31 01:00:02] ENVIRONMENT - 1.2.1 changed from 24.4 to 24.3
[2025-01-31 01:00:02] ENV_SENSOR - 1.2.1 changed from 24.4 to 24.3
[2025-01-31 01:00:07] ENVIRONMENT - 1.2.1 changed from 24.3 to 24.1
[2025-01-31 01:00:07] ENV_SENSOR - 1.2.1 changed from 24.3 to 24.1
[2025-01-31 01:00:12] ENVIRONMENT - 1.2.1 changed from 24.1 to 24.1
[2025-01-31 01:00:12] ENV_SENSOR - 1.2.1 changed from 24.1 to 24.1
[2025-01-31 01:00:17] ENVIRONMENT - 1.2.1 changed from 24.1 to 24.1
[2025-01-31 01:00:17] ENV_SENSOR - 1.2.1 changed from 24.1 to 24.1
[2025-01-31 01:00:22] ENVIRONMENT - 1.2.1 changed from 24.1 to 24.0
[2025-01-31 01:00:22] ENV_SENSOR - 1.2.1 changed from 24.1 to 24.0
[2025-01-31 01:00:27] ENVIRONMENT - 1.2.1 changed from 24.0 to 24.2
[2025-01-31 01:00:27] ENV_SENSOR - 1.2.1 changed from 24.0 to 24.2
[2025-01-31 01:00:32] ENVIRONMENT - 1.2.1 changed from 24.2 to 24.3
[2025-01-31 01:00:32] ENV_SENSOR - 1.2.1 changed from 24.2 to 24.3
[2025-01-31 01:00:37] ENVIRONMENT - 1.2.1 changed from 24.3 to 24.4
[2025-01-31 01:00:37] ENV_SENSOR - 1.2.1 changed from 24.3 to 24.4
[2025-01-31 01:00:42] ENVIRONMENT - 1.2.1 changed from 24.4 to 24.5
[2025-01-31 01:00:42] ENV_SENSOR - 1.2.1 changed from 24.4 to 24.5
[2025-01-31 01:00:47] ENVIRONMENT - 1.2.1 changed from 24.5 to 24.6
[2025-01-31 01:00:47] ENV_SENSOR - 1.2.1 changed from 24.5 to 24.6
[2025-01-31 01:00:52] ENVIRONMENT - 1.2.1 changed from 24.6 to 24.7
[2025-01-31 01:00:52] ENV_SENSOR - 1.2.1 changed from 24.6 to 24.7
[2025-01-31 01:00:57] ENVIRONMENT - 1.2.1 changed from 24.7 to 24.8
[2025-01-31 01:00:57] ENV_SENSOR - 1.2.1 changed from 24.7 to 24.8
[2025-01-31 01:01:02] ENVIRONMENT - 1.2.1 changed from 24.8 to 25.0
[2025-01-31 01:01:02] ENV_SENSOR - 1.2.1 changed from 24.8 to 25.0
[2025-01-31 01:01:07] ENVIRONMENT - 1.2.1 changed from 25.0 to 25.2
[2025-01-31 01:01:07] ENV_SENSOR - 1.2.1 changed from 25.0 to 25.2
[2025-01-31 01:01:12] ENVIRONMENT - 1.2.1 changed from 25.2 to 25.2
[2025-01-31 01:01:12] ENV_SENSOR - 1.2.1 changed from 25.2 to 25.2
[2025-01-31 01:01:17] ENVIRONMENT - 1.2.1 changed from 25.2 to 25.2
[2025-01-31 01:01:17] ENV_SENSOR - 1.2.1 changed from 25.2 to 25.2
[2025-01-31 01:01:22] ENVIRONMENT - 1.2.1 changed from 25.2 to 25.2
[2025-01-31 01:01:22] ENV_SENSOR - 1.2.1 changed from 25.2 to 25.2
[2025-01-31 01:01:27] ENVIRONMENT - 1.2.1 changed from 25.2 to 25.0
[2025-01-31 01:01:27] ENV_SENSOR - 1.2.1 changed from 25.2 to 25.0
[2025-01-31 01:01:32] ENVIRONMENT - 1.2.1 changed from 25.0 to 24.9
[2025-01-31 01:01:32] ENV_SENSOR - 1.2.1 changed from 25.0 to 24.9
[2025-01-31 01:01:37] ENVIRONMENT - 1.2.1 changed from 24.9 to 24.8
[2025-01-31 01:01:37] ENV_SENSOR - 1.2.1 changed from 24.9 to 24.8
[2025-01-31 01:01:42] ENVIRONMENT - 1.2.1 changed from 24.8 to 24.9
[2025-01-31 01:01:42] ENV_SENSOR - 1.2.1 changed from 24.8 to 24.9
[2025-01-31 01:01:47] ENVIRONMENT - 1.2.1 changed from 24.9 to 24.9
[2025-01-31 01:01:47] ENV_SENSOR - 1.2.1 changed from 24.9 to 24.9
[2025-01-31 01:01:52] ENVIRONMENT - 1.2.1 changed from 24.9 to 25.1
[2025-01-31 01:01:52] ENV_SENSOR - 1.2.1 changed from 24.9 to 25.1
[2025-01-31 01:01:57] ENVIRONMENT - 1.2.1 changed from 25.1 to 25.0
[2025-01-31 01:01:57] ENV_SENSOR - 1.2.1 changed from 25.1 to 25.0
[2025-01-31 01:02:02] ENVIRONMENT - 1.2.1 changed from 25.0 to 24.9
[2025-01-31 01:02:02] ENV_SENSOR - 1.2.1 changed from 25.0 to 24.9
[2025-01-31 01:02:07] ENVIRONMENT - 1.2.1 changed from 24.9 to 25.1
[2025-01-31 01:02:07] ENV_SENSOR - 1.2.1 changed from 24.9 to 25.1
[2025-01-31 01:02:12] ENVIRONMENT - 1.2.1 changed from 25.1 to 25.1
[2025-01-31 01:02:12] ENV_SENSOR - 1.2.1 changed from 25.1 to 25.1
[2025-01-31 01:02:17] ENVIRONMENT - 1.2.1 changed from 25.1 to 25.0
[2025-01-31 01:02:17] ENV_SENSOR - 1.2.1 changed from 25.1 to 25.0
[2025-01-31 01:02:22] ENVIRONMENT - 1.2.1 changed from 25.0 to 25.1
[2025-01-31 01:02:22] ENV_SENSOR - 1.2.1 changed from 25.0 to 25.1
[2025-01-31 01:02:27] ENVIRONMENT - 1.2.1 changed from 25.1 to 25.1
[2025-01-31 01:02:27] ENV_SENSOR - 1.2.1 changed from 25.1 to 25.1
[2025-01-31 01:02:32] ENVIRONMENT - 1.2.1 changed from 25.1 to 25.0
[2025-01-31 01:02:32] ENV_SENSOR - 1.2.1 changed from 25.1 to 25.0
[2025-01-31 01:02:37] ENVIRONMENT - 1.2.1 changed from 25.0 to 25.0
[2025-01-31 01:02:37] ENV_SENSOR - 1.2.1 changed from 25.0 to 25.0
[2025-01-31 01:02:42] ENVIRONMENT - 1.2.1 changed from 25.0 to 24.8
[2025-01-31 01:02:42] ENV_SENSOR - 1.2.1 changed from 25.0 to 24.8
[2025-01-31 01:02:47] ENVIRONMENT - 1.2.1 changed from 24.8 to 24.8
[2025-01-31 01:02:47] ENV_SENSOR - 1.2.1 changed from 24.8 to 24.8
[2025-01-31 01:02:52] ENVIRONMENT - 1.2.1 changed from 24.8 to 24.8
[2025-01-31 01:02:52] ENV_SENSOR - 1.2.1 changed from 24.8 to 24.8
[2025-01-31 01:02:57] ENVIRONMENT - 1.2.1 changed from 24.8 to 24.8
[2025-01-31 01:02:57] ENV_SENSOR - 1.2.1 changed from 24.8 to 24.8
[2025-01-31 01:03:02] ENVIRONMENT - 1.2.1 changed from 24.8 to 24.9
[2025-01-31 01:03:02] ENV_SENSOR - 1.2.1 changed from 24.8 to 24.9
[2025-01-31 01:03:07] ENVIRONMENT - 1.2.1 changed from 24.9 to 25.0
[2025-01-31 01:03:07] ENV_SENSOR - 1.2.1 changed from 24.9 to 25.0
[2025-01-31 01:03:12] ENVIRONMENT - 1.2.1 changed from 25.0 to 25.1
[2025-01-31 01:03:12] ENV_SENSOR - 1.2.1 changed from 25.0 to 25.1
[2025-01-31 01:03:17] ENVIRONMENT - 1.2.1 changed from 25.1 to 25.0
[2025-01-31 01:03:17] ENV_SENSOR - 1.2.1 changed from 25.1 to 25.0
[2025-01-31 01:03:23] ENVIRONMENT - 1.2.1 changed from 25.0 to 24.8
[2025-01-31 01:03:23] ENV_SENSOR - 1.2.1 changed from 25.0 to 24.8
[2025-01-31 01:03:28] ENVIRONMENT - 1.2.1 changed from 24.8 to 25.0
[2025-01-31 01:03:28] ENV_SENSOR - 1.2.1 changed from 24.8 to 25.0
[2025-01-31 01:03:33] ENVIRONMENT - 1.2.1 changed from 25.0 to 25.1
[2025-01-31 01:03:33] ENV_SENSOR - 1.2.1 changed from 25.0 to 25.1
[2025-01-31 01:03:38] ENVIRONMENT - 1.2.1 changed from 25.1 to 25.3
[2025-01-31 01:03:38] ENV_SENSOR - 1.2.1 changed from 25.1 to 25.3
[2025-01-31 01:03:43] ENVIRONMENT - 1.2.1 changed from 25.3 to 25.4
[2025-01-31 01:03:43] ENV_SENSOR - 1.2.1 changed from 25.3 to 25.4
[2025-01-31 01:03:48] ENVIRONMENT - 1.2.1 changed from 25.4 to 25.3
[2025-01-31 01:03:48] ENV_SENSOR - 1.2.1 changed from 25.4 to 25.3
[2025-01-31 01:03:53] ENVIRONMENT - 1.2.1 changed from 25.3 to 25.3
[2025-01-31 01:03:53] ENV_SENSOR - 1.2.1 changed from 25.3 to 25.3
[2025-01-31 01:03:58] ENVIRONMENT - 1.2.1 changed from 25.3 to 25.2
[2025-01-31 01:03:58] ENV_SENSOR - 1.2.1 changed from 25.3 to 25.2
[2025-01-31 01:04:03] ENVIRONMENT - 1.2.1 changed from 25.2 to 25.2
[2025-01-31 01:04:03] ENV_SENSOR - 1.2.1 changed from 25.2 to 25.2
[2025-01-31 01:04:08] ENVIRONMENT - 1.2.1 changed from 25.2 to 25.1
[2025-01-31 01:04:08] ENV_SENSOR - 1.2.1 changed from 25.2 to 25.1
[2025-01-31 01:04:13] ENVIRONMENT - 1.2.1 changed from 25.1 to 25.2
[2025-01-31 01:04:13] ENV_SENSOR - 1.2.1 changed from 25.1 to 25.2
[2025-01-31 01:04:18] ENVIRONMENT - 1.2.1 changed from 25.2 to 25.1
[2025-01-31 01:04:18] ENV_SENSOR - 1.2.1 changed from 25.2 to 25.1
[2025-01-31 01:04:23] ENVIRONMENT - 1.2.1 changed from 25.1 to 25.2
[2025-01-31 01:04:23] ENV_SENSOR - 1.2.1 changed from 25.1 to 25.2
[2025-01-31 01:04:28] ENVIRONMENT - 1.2.1 changed from 25.2 to 25.0
[2025-01-31 01:04:28] ENV_SENSOR - 1.2.1 changed from 25.2 to 25.0
[2025-01-31 01:04:33] ENVIRONMENT - 1.2.1 changed from 25.0 to 25.2
[2025-01-31 01:04:33] ENV_SENSOR - 1.2.1 changed from 25.0 to 25.2
[2025-01-31 01:04:38] ENVIRONMENT - 1.2.1 changed from 25.2 to 25.4
[2025-01-31 01:04:38] ENV_SENSOR - 1.2.1 changed from 25.2 to 25.4
[2025-01-31 01:04:44] ENVIRONMENT - 1.2.1 changed from 25.4 to 25.6
[2025-01-31 01:04:44] ENV_SENSOR - 1.2.1 changed from 25.4 to 25.6
[2025-01-31 01:04:49] ENVIRONMENT - 1.2.1 changed from 25.6 to 25.5
[2025-01-31 01:04:49] ENV_SENSOR - 1.2.1 changed from 25.6 to 25.5
[2025-01-31 01:04:54] ENVIRONMENT - 1.2.1 changed from 25.5 to 25.4
[2025-01-31 01:04:54] ENV_SENSOR - 1.2.1 changed from 25.5 to 25.4
[2025-01-31 01:04:59] ENVIRONMENT - 1.2.1 changed from 25.4 to 25.2
[2025-01-31 01:04:59] ENV_SENSOR - 1.2.1 changed from 25.4 to 25.2
[2025-01-31 01:05:04] ENVIRONMENT - 1.2.1 changed from 25.2 to 25.4
[2025-01-31 01:05:04] ENV_SENSOR - 1.2.1 changed from 25.2 to 25.4
[2025-01-31 01:05:09] ENVIRONMENT - 1.2.1 changed from 25.4 to 25.6
[2025-01-31 01:05:09] ENV_SENSOR - 1.2.1 changed from 25.4 to 25.6
[2025-01-31 01:05:14] ENVIRONMENT - 1.2.1 changed from 25.6 to 25.5
[2025-01-31 01:05:14] ENV_SENSOR - 1.2.1 changed from 25.6 to 25.5
[2025-01-31 01:05:19] ENVIRONMENT - 1.2.1 changed from 25.5 to 25.7
[2025-01-31 01:05:19] ENV_SENSOR - 1.2.1 changed from 25.5 to 25.7
[2025-01-31 01:05:24] ENVIRONMENT - 1.2.1 changed from 25.7 to 25.5
[2025-01-31 01:05:24] ENV_SENSOR - 1.2.1 changed from 25.7 to 25.5
[2025-01-31 01:05:29] ENVIRONMENT - 1.2.1 changed from 25.5 to 25.5
[2025-01-31 01:05:29] ENV_SENSOR - 1.2.1 changed from 25.5 to 25.5
[2025-01-31 01:05:34] ENVIRONMENT - 1.2.1 changed from 25.5 to 25.6
[2025-01-31 01:05:34] ENV_SENSOR - 1.2.1 changed from 25.5 to 25.6
[2025-01-31 01:05:39] ENVIRONMENT - 1.2.1 changed from 25.6 to 25.5
[2025-01-31 01:05:39] ENV_SENSOR - 1.2.1 changed from 25.6 to 25.5
[2025-01-31 01:05:44] ENVIRONMENT - 1.2.1 changed from 25.5 to 25.6
[2025-01-31 01:05:44] ENV_SENSOR - 1.2.1 changed from 25.5 to 25.6
[2025-01-31 01:05:49] ENVIRONMENT - 1.2.1 changed from 25.6 to 25.8
[2025-01-31 01:05:49] ENV_SENSOR - 1.2.1 changed from 25.6 to 25.8
[2025-01-31 01:05:54] ENVIRONMENT - 1.2.1 changed from 25.8 to 25.8
[2025-01-31 01:05:54] ENV_SENSOR - 1.2.1 changed from 25.8 to 25.8
[2025-01-31 01:05:59] ENVIRONMENT - 1.2.1 changed from 25.8 to 26.0
[2025-01-31 01:05:59] ENV_SENSOR - 1.2.1 changed from 25.8 to 26.0
[2025-01-31 01:06:05] ENVIRONMENT - 1.2.1 changed from 26.0 to 26.0
[2025-01-31 01:06:05] ENV_SENSOR - 1.2.1 changed from 26.0 to 26.0
[2025-01-31 01:06:10] ENVIRONMENT - 1.2.1 changed from 26.0 to 26.1
[2025-01-31 01:06:10] ENV_SENSOR - 1.2.1 changed from 26.0 to 26.1
[2025-01-31 01:06:15] ENVIRONMENT - 1.2.1 changed from 26.1 to 26.2
[2025-01-31 01:06:15] ENV_SENSOR - 1.2.1 changed from 26.1 to 26.2
[2025-01-31 01:06:20] ENVIRONMENT - 1.2.1 changed from 26.2 to 26.2
[2025-01-31 01:06:20] ENV_SENSOR - 1.2.1 changed from 26.2 to 26.2
[2025-01-31 01:06:25] ENVIRONMENT - 1.2.1 changed from 26.2 to 26.2
[2025-01-31 01:06:25] ENV_SENSOR - 1.2.1 changed from 26.2 to 26.2
[2025-01-31 01:06:30] ENVIRONMENT - 1.2.1 changed from 26.2 to 26.0
[2025-01-31 01:06:30] ENV_SENSOR - 1.2.1 changed from 26.2 to 26.0
[2025-01-31 01:06:35] ENVIRONMENT - 1.2.1 changed from 26.0 to 26.1
[2025-01-31 01:06:35] ENV_SENSOR - 1.2.1 changed from 26.0 to 26.1
[2025-01-31 01:06:40] ENVIRONMENT - 1.2.1 changed from 26.1 to 26.2
[2025-01-31 01:06:40] ENV_SENSOR - 1.2.1 changed from 26.1 to 26.2
[2025-01-31 01:06:45] ENVIRONMENT - 1.2.1 changed from 26.2 to 26.3
[2025-01-31 01:06:45] ENV_SENSOR - 1.2.1 changed from 26.2 to 26.3
[2025-01-31 01:06:50] ENVIRONMENT - 1.2.1 changed from 26.3 to 26.5
[2025-01-31 01:06:50] ENV_SENSOR - 1.2.1 changed from 26.3 to 26.5
[2025-01-31 01:06:55] ENVIRONMENT - 1.2.1 changed from 26.5 to 26.7
[2025-01-31 01:06:55] ENV_SENSOR - 1.2.1 changed from 26.5 to 26.7
[2025-01-31 01:07:00] ENVIRONMENT - 1.2.1 changed from 26.7 to 26.6
[2025-01-31 01:07:00] ENV_SENSOR - 1.2.1 changed from 26.7 to 26.6
[2025-01-31 01:07:05] ENVIRONMENT - 1.2.1 changed from 26.6 to 26.4
[2025-01-31 01:07:05] ENV_SENSOR - 1.2.1 changed from 26.6 to 26.4
[2025-01-31 01:07:10] ENVIRONMENT - 1.2.1 changed from 26.4 to 26.6
[2025-01-31 01:07:10] ENV_SENSOR - 1.2.1 changed from 26.4 to 26.6
[2025-01-31 01:07:15] ENVIRONMENT - 1.2.1 changed from 26.6 to 26.8
[2025-01-31 01:07:15] ENV_SENSOR - 1.2.1 changed from 26.6 to 26.8
[2025-01-31 01:07:20] ENVIRONMENT - 1.2.1 changed from 26.8 to 27.0
[2025-01-31 01:07:20] ENV_SENSOR - 1.2.1 changed from 26.8 to 27.0
[2025-01-31 01:07:25] ENVIRONMENT - 1.2.1 changed from 27.0 to 27.0
[2025-01-31 01:07:25] ENV_SENSOR - 1.2.1 changed from 27.0 to 27.0
[2025-01-31 01:07:30] ENVIRONMENT - 1.2.1 changed from 27.0 to 26.9
[2025-01-31 01:07:30] ENV_SENSOR - 1.2.1 changed from 27.0 to 26.9
[2025-01-31 01:07:35] ENVIRONMENT - 1.2.1 changed from 26.9 to 26.7
[2025-01-31 01:07:35] ENV_SENSOR - 1.2.1 changed from 26.9 to 26.7
[2025-01-31 01:07:40] ENVIRONMENT - 1.2.1 changed from 26.7 to 26.6
[2025-01-31 01:07:40] ENV_SENSOR - 1.2.1 changed from 26.7 to 26.6
[2025-01-31 01:07:45] ENVIRONMENT - 1.2.1 changed from 26.6 to 26.5
[2025-01-31 01:07:45] ENV_SENSOR - 1.2.1 changed from 26.6 to 26.5
[2025-01-31 01:07:50] ENVIRONMENT - 1.2.1 changed from 26.5 to 26.6
[2025-01-31 01:07:50] ENV_SENSOR - 1.2.1 changed from 26.5 to 26.6
[2025-01-31 01:07:55] ENVIRONMENT - 1.2.1 changed from 26.6 to 26.4
[2025-01-31 01:07:55] ENV_SENSOR - 1.2.1 changed from 26.6 to 26.4
[2025-01-31 01:08:00] ENVIRONMENT - 1.2.1 changed from 26.4 to 26.5
[2025-01-31 01:08:00] ENV_SENSOR - 1.2.1 changed from 26.4 to 26.5
[2025-01-31 01:08:05] ENVIRONMENT - 1.2.1 changed from 26.5 to 26.6
[2025-01-31 01:08:05] ENV_SENSOR - 1.2.1 changed from 26.5 to 26.6
[2025-01-31 01:08:10] ENVIRONMENT - 1.2.1 changed from 26.6 to 26.7
[2025-01-31 01:08:10] ENV_SENSOR - 1.2.1 changed from 26.6 to 26.7
[2025-01-31 01:08:15] ENVIRONMENT - 1.2.1 changed from 26.7 to 26.7
[2025-01-31 01:08:15] ENV_SENSOR - 1.2.1 changed from 26.7 to 26.7
[2025-01-31 01:08:20] ENVIRONMENT - 1.2.1 changed from 26.7 to 26.7
[2025-01-31 01:08:20] ENV_SENSOR - 1.2.1 changed from 26.7 to 26.7
[2025-01-31 01:08:25] ENVIRONMENT - 1.2.1 changed from 26.7 to 26.5
[2025-01-31 01:08:25] ENV_SENSOR - 1.2.1 changed from 26.7 to 26.5
[2025-01-31 01:08:30] ENVIRONMENT - 1.2.1 changed from 26.5 to 26.5
[2025-01-31 01:08:30] ENV_SENSOR - 1.2.1 changed from 26.5 to 26.5
[2025-01-31 01:08:35] ENVIRONMENT - 1.2.1 changed from 26.5 to 26.5
[2025-01-31 01:08:35] ENV_SENSOR - 1.2.1 changed from 26.5 to 26.5
[2025-01-31 01:08:40] ENVIRONMENT - 1.2.1 changed from 26.5 to 26.4
[2025-01-31 01:08:40] ENV_SENSOR - 1.2.1 changed from 26.5 to 26.4
[2025-01-31 01:08:45] ENVIRONMENT - 1.2.1 changed from 26.4 to 26.6
[2025-01-31 01:08:45] ENV_SENSOR - 1.2.1 changed from 26.4 to 26.6
[2025-01-31 01:08:50] ENVIRONMENT - 1.2.1 changed from 26.6 to 26.4
[2025-01-31 01:08:50] ENV_SENSOR - 1.2.1 changed from 26.6 to 26.4
[2025-01-31 01:08:55] ENVIRONMENT - 1.2.1 changed from 26.4 to 26.3
[2025-01-31 01:08:55] ENV_SENSOR - 1.2.1 changed from 26.4 to 26.3
[2025-01-31 01:09:00] ENVIRONMENT - 1.2.1 changed from 26.3 to 26.3
[2025-01-31 01:09:00] ENV_SENSOR - 1.2.1 changed from 26.3 to 26.3
[2025-01-31 01:09:05] ENVIRONMENT - 1.2.1 changed from 26.3 to 26.3
[2025-01-31 01:09:05] ENV_SENSOR - 1.2.1 changed from 26.3 to 26.3
[2025-01-31 01:09:10] ENVIRONMENT - 1.2.1 changed from 26.3 to 26.5
[2025-01-31 01:09:10] ENV_SENSOR - 1.2.1 changed from 26.3 to 26.5
[2025-01-31 01:09:15] ENVIRONMENT - 1.2.1 changed from 26.5 to 26.3
[2025-01-31 01:09:15] ENV_SENSOR - 1.2.1 changed from 26.5 to 26.3
[2025-01-31 01:09:20] ENVIRONMENT - 1.2.1 changed from 26.3 to 26.3
[2025-01-31 01:09:20] ENV_SENSOR - 1.2.1 changed from 26.3 to 26.3
[2025-01-31 01:09:25] ENVIRONMENT - 1.2.1 changed from 26.3 to 26.5
[2025-01-31 01:09:25] ENV_SENSOR - 1.2.1 changed from 26.3 to 26.5
[2025-01-31 01:09:30] ENVIRONMENT - 1.2.1 changed from 26.5 to 26.6
[2025-01-31 01:09:30] ENV_SENSOR - 1.2.1 changed from 26.5 to 26.6
[2025-01-31 01:09:35] ENVIRONMENT - 1.2.1 changed from 26.6 to 26.5
[2025-01-31 01:09:35] ENV_SENSOR - 1.2.1 changed from 26.6 to 26.5
[2025-01-31 01:09:40] ENVIRONMENT - 1.2.1 changed from 26.5 to 26.6
[2025-01-31 01:09:40] ENV_SENSOR - 1.2.1 changed from 26.5 to 26.6
[2025-01-31 01:09:45] ENVIRONMENT - 1.2.1 changed from 26.6 to 26.6
[2025-01-31 01:09:45] ENV_SENSOR - 1.2.1 changed from 26.6 to 26.6
[2025-01-31 01:09:50] ENVIRONMENT - 1.2.1 changed from 26.6 to 26.7
[2025-01-31 01:09:50] ENV_SENSOR - 1.2.1 changed from 26.6 to 26.7
[2025-01-31 01:09:55] ENVIRONMENT - 1.2.1 changed from 26.7 to 26.5
[2025-01-31 01:09:55] ENV_SENSOR - 1.2.1 changed from 26.7 to 26.5
[2025-01-31 01:10:00] ENVIRONMENT - 1.2.1 changed from 26.5 to 26.4
[2025-01-31 01:10:00] ENV_SENSOR - 1.2.1 changed from 26.5 to 26.4
[2025-01-31 01:10:05] ENVIRONMENT - 1.2.1 changed from 26.4 to 26.3
[2025-01-31 01:10:05] ENV_SENSOR - 1.2.1 changed from 26.4 to 26.3
[2025-01-31 01:10:10] ENVIRONMENT - 1.2.1 changed from 26.3 to 26.5
[2025-01-31 01:10:10] ENV_SENSOR - 1.2.1 changed from 26.3 to 26.5
[2025-01-31 01:10:15] ENVIRONMENT - 1.2.1 changed from 26.5 to 26.3
[2025-01-31 01:10:15] ENV_SENSOR - 1.2.1 changed from 26.5 to 26.3
[2025-01-31 01:10:20] ENVIRONMENT - 1.2.1 changed from 26.3 to 26.2
[2025-01-31 01:10:20] ENV_SENSOR - 1.2.1 changed from 26.3 to 26.2
[2025-01-31 01:10:25] ENVIRONMENT - 1.2.1 changed from 26.2 to 26.2
[2025-01-31 01:10:25] ENV_SENSOR - 1.2.1 changed from 26.2 to 26.2
[2025-01-31 01:10:30] ENVIRONMENT - 1.2.1 changed from 26.2 to 26.2
[2025-01-31 01:10:30] ENV_SENSOR - 1.2.1 changed from 26.2 to 26.2
[2025-01-31 01:10:35] ENVIRONMENT - 1.2.1 changed from 26.2 to 26.2
[2025-01-31 01:10:35] ENV_SENSOR - 1.2.1 changed from 26.2 to 26.2
[2025-01-31 01:10:40] ENVIRONMENT - 1.2.1 changed from 26.2 to 26.3
[2025-01-31 01:10:40] ENV_SENSOR - 1.2.1 changed from 26.2 to 26.3
[2025-01-31 01:10:45] ENVIRONMENT - 1.2.1 changed from 26.3 to 26.4
[2025-01-31 01:10:45] ENV_SENSOR - 1.2.1 changed from 26.3 to 26.4
[2025-01-31 01:10:50] ENVIRONMENT - 1.2.1 changed from 26.4 to 26.5
[2025-01-31 01:10:50] ENV_SENSOR - 1.2.1 changed from 26.4 to 26.5
[2025-01-31 01:10:55] ENVIRONMENT - 1.2.1 changed from 26.5 to 26.7
[2025-01-31 01:10:55] ENV_SENSOR - 1.2.1 changed from 26.5 to 26.7
[2025-01-31 01:11:00] ENVIRONMENT - 1.2.1 changed from 26.7 to 26.5
[2025-01-31 01:11:00] ENV_SENSOR - 1.2.1 changed from 26.7 to 26.5
[2025-01-31 01:11:05] ENVIRONMENT - 1.2.1 changed from 26.5 to 26.6
[2025-01-31 01:11:05] ENV_SENSOR - 1.2.1 changed from 26.5 to 26.6
[2025-01-31 01:11:10] ENVIRONMENT - 1.2.1 changed from 26.6 to 26.7
[2025-01-31 01:11:10] ENV_SENSOR - 1.2.1 changed from 26.6 to 26.7
[2025-01-31 01:11:15] ENVIRONMENT - 1.2.1 changed from 26.7 to 26.9
[2025-01-31 01:11:15] ENV_SENSOR - 1.2.1 changed from 26.7 to 26.9
[2025-01-31 01:11:20] ENVIRONMENT - 1.2.1 changed from 26.9 to 26.8
[2025-01-31 01:11:20] ENV_SENSOR - 1.2.1 changed from 26.9 to 26.8
[2025-01-31 01:11:25] ENVIRONMENT - 1.2.1 changed from 26.8 to 26.7
[2025-01-31 01:11:25] ENV_SENSOR - 1.2.1 changed from 26.8 to 26.7
[2025-01-31 01:11:30] ENVIRONMENT - 1.2.1 changed from 26.7 to 26.5
[2025-01-31 01:11:30] ENV_SENSOR - 1.2.1 changed from 26.7 to 26.5
[2025-01-31 01:11:35] ENVIRONMENT - 1.2.1 changed from 26.5 to 26.7
[2025-01-31 01:11:35] ENV_SENSOR - 1.2.1 changed from 26.5 to 26.7
[2025-01-31 01:11:40] ENVIRONMENT - 1.2.1 changed from 26.7 to 26.5
[2025-01-31 01:11:40] ENV_SENSOR - 1.2.1 changed from 26.7 to 26.5
[2025-01-31 01:11:45] ENVIRONMENT - 1.2.1 changed from 26.5 to 26.3
[2025-01-31 01:11:45] ENV_SENSOR - 1.2.1 changed from 26.5 to 26.3
[2025-01-31 01:11:50] ENVIRONMENT - 1.2.1 changed from 26.3 to 26.4
[2025-01-31 01:11:50] ENV_SENSOR - 1.2.1 changed from 26.3 to 26.4
[2025-01-31 01:11:55] ENVIRONMENT - 1.2.1 changed from 26.4 to 26.3
[2025-01-31 01:11:55] ENV_SENSOR - 1.2.1 changed from 26.4 to 26.3
[2025-01-31 01:12:00] ENVIRONMENT - 1.2.1 changed from 26.3 to 26.5
[2025-01-31 01:12:00] ENV_SENSOR - 1.2.1 changed from 26.3 to 26.5
[2025-01-31 01:12:05] ENVIRONMENT - 1.2.1 changed from 26.5 to 26.7
[2025-01-31 01:12:05] ENV_SENSOR - 1.2.1 changed from 26.5 to 26.7
[2025-01-31 01:12:10] ENVIRONMENT - 1.2.1 changed from 26.7 to 26.5
[2025-01-31 01:12:10] ENV_SENSOR - 1.2.1 changed from 26.7 to 26.5
[2025-01-31 01:12:15] ENVIRONMENT - 1.2.1 changed from 26.5 to 26.5
[2025-01-31 01:12:15] ENV_SENSOR - 1.2.1 changed from 26.5 to 26.5
[2025-01-31 01:12:20] ENVIRONMENT - 1.2.1 changed from 26.5 to 26.3
[2025-01-31 01:12:20] ENV_SENSOR - 1.2.1 changed from 26.5 to 26.3
[2025-01-31 01:12:25] ENVIRONMENT - 1.2.1 changed from 26.3 to 26.5
[2025-01-31 01:12:25] ENV_SENSOR - 1.2.1 changed from 26.3 to 26.5
[2025-01-31 01:12:30] ENVIRONMENT - 1.2.1 changed from 26.5 to 26.4
[2025-01-31 01:12:30] ENV_SENSOR - 1.2.1 changed from 26.5 to 26.4
[2025-01-31 01:12:35] ENVIRONMENT - 1.2.1 changed from 26.4 to 26.6
[2025-01-31 01:12:35] ENV_SENSOR - 1.2.1 changed from 26.4 to 26.6
[2025-01-31 01:12:40] ENVIRONMENT - 1.2.1 changed from 26.6 to 26.7
[2025-01-31 01:12:40] ENV_SENSOR - 1.2.1 changed from 26.6 to 26.7
[2025-01-31 01:12:45] ENVIRONMENT - 1.2.1 changed from 26.7 to 26.5
[2025-01-31 01:12:45] ENV_SENSOR - 1.2.1 changed from 26.7 to 26.5
[2025-01-31 01:12:50] ENVIRONMENT - 1.2.1 changed from 26.5 to 26.4
[2025-01-31 01:12:50] ENV_SENSOR - 1.2.1 changed from 26.5 to 26.4
[2025-01-31 01:12:55] ENVIRONMENT - 1.2.1 changed from 26.4 to 26.5
[2025-01-31 01:12:55] ENV_SENSOR - 1.2.1 changed from 26.4 to 26.5
[2025-01-31 01:13:01] ENVIRONMENT - 1.2.1 changed from 26.5 to 26.4
[2025-01-31 01:13:01] ENV_SENSOR - 1.2.1 changed from 26.5 to 26.4
[2025-01-31 01:13:06] ENVIRONMENT - 1.2.1 changed from 26.4 to 26.4
[2025-01-31 01:13:06] ENV_SENSOR - 1.2.1 changed from 26.4 to 26.4
[2025-01-31 01:13:11] ENVIRONMENT - 1.2.1 changed from 26.4 to 26.3
[2025-01-31 01:13:11] ENV_SENSOR - 1.2.1 changed from 26.4 to 26.3
[2025-01-31 01:13:16] ENVIRONMENT - 1.2.1 changed from 26.3 to 26.5
[2025-01-31 01:13:16] ENV_SENSOR - 1.2.1 changed from 26.3 to 26.5
[2025-01-31 01:13:21] ENVIRONMENT - 1.2.1 changed from 26.5 to 26.3
[2025-01-31 01:13:21] ENV_SENSOR - 1.2.1 changed from 26.5 to 26.3
[2025-01-31 01:13:26] ENVIRONMENT - 1.2.1 changed from 26.3 to 26.3
[2025-01-31 01:13:26] ENV_SENSOR - 1.2.1 changed from 26.3 to 26.3
[2025-01-31 01:13:31] ENVIRONMENT - 1.2.1 changed from 26.3 to 26.2
[2025-01-31 01:13:31] ENV_SENSOR - 1.2.1 changed from 26.3 to 26.2
[2025-01-31 01:13:36] ENVIRONMENT - 1.2.1 changed from 26.2 to 26.4
[2025-01-31 01:13:36] ENV_SENSOR - 1.2.1 changed from 26.2 to 26.4
[2025-01-31 01:13:41] ENVIRONMENT - 1.2.1 changed from 26.4 to 26.5
[2025-01-31 01:13:41] ENV_SENSOR - 1.2.1 changed from 26.4 to 26.5
[2025-01-31 01:13:46] ENVIRONMENT - 1.2.1 changed from 26.5 to 26.7
[2025-01-31 01:13:46] ENV_SENSOR - 1.2.1 changed from 26.5 to 26.7
[2025-01-31 01:13:51] ENVIRONMENT - 1.2.1 changed from 26.7 to 26.7
[2025-01-31 01:13:51] ENV_SENSOR - 1.2.1 changed from 26.7 to 26.7
[2025-01-31 01:13:56] ENVIRONMENT - 1.2.1 changed from 26.7 to 26.5
[2025-01-31 01:13:56] ENV_SENSOR - 1.2.1 changed from 26.7 to 26.5
[2025-01-31 01:14:01] ENVIRONMENT - 1.2.1 changed from 26.5 to 26.6
[2025-01-31 01:14:01] ENV_SENSOR - 1.2.1 changed from 26.5 to 26.6
[2025-01-31 01:14:06] ENVIRONMENT - 1.2.1 changed from 26.6 to 26.7
[2025-01-31 01:14:06] ENV_SENSOR - 1.2.1 changed from 26.6 to 26.7
[2025-01-31 01:14:11] ENVIRONMENT - 1.2.1 changed from 26.7 to 26.6
[2025-01-31 01:14:11] ENV_SENSOR - 1.2.1 changed from 26.7 to 26.6
[2025-01-31 01:14:16] ENVIRONMENT - 1.2.1 changed from 26.6 to 26.6
[2025-01-31 01:14:16] ENV_SENSOR - 1.2.1 changed from 26.6 to 26.6
[2025-01-31 01:14:21] ENVIRONMENT - 1.2.1 changed from 26.6 to 26.5
[2025-01-31 01:14:21] ENV_SENSOR - 1.2.1 changed from 26.6 to 26.5
[2025-01-31 01:14:26] ENVIRONMENT - 1.2.1 changed from 26.5 to 26.3
[2025-01-31 01:14:26] ENV_SENSOR - 1.2.1 changed from 26.5 to 26.3
[2025-01-31 01:14:31] ENVIRONMENT - 1.2.1 changed from 26.3 to 26.1
[2025-01-31 01:14:31] ENV_SENSOR - 1.2.1 changed from 26.3 to 26.1
[2025-01-31 01:14:36] ENVIRONMENT - 1.2.1 changed from 26.1 to 25.9
[2025-01-31 01:14:36] ENV_SENSOR - 1.2.1 changed from 26.1 to 25.9
[2025-01-31 01:14:41] ENVIRONMENT - 1.2.1 changed from 25.9 to 25.8
[2025-01-31 01:14:41] ENV_SENSOR - 1.2.1 changed from 25.9 to 25.8
[2025-01-31 01:14:46] ENVIRONMENT - 1.2.1 changed from 25.8 to 25.9
[2025-01-31 01:14:46] ENV_SENSOR - 1.2.1 changed from 25.8 to 25.9
[2025-01-31 01:14:51] ENVIRONMENT - 1.2.1 changed from 25.9 to 25.7
[2025-01-31 01:14:51] ENV_SENSOR - 1.2.1 changed from 25.9 to 25.7
[2025-01-31 01:14:56] ENVIRONMENT - 1.2.1 changed from 25.7 to 25.6
[2025-01-31 01:14:56] ENV_SENSOR - 1.2.1 changed from 25.7 to 25.6
[2025-01-31 01:15:01] ENVIRONMENT - 1.2.1 changed from 25.6 to 25.6
[2025-01-31 01:15:01] ENV_SENSOR - 1.2.1 changed from 25.6 to 25.6
[2025-01-31 01:15:06] ENVIRONMENT - 1.2.1 changed from 25.6 to 25.6
[2025-01-31 01:15:06] ENV_SENSOR - 1.2.1 changed from 25.6 to 25.6
[2025-01-31 01:15:11] ENVIRONMENT - 1.2.1 changed from 25.6 to 25.7
[2025-01-31 01:15:11] ENV_SENSOR - 1.2.1 changed from 25.6 to 25.7
[2025-01-31 01:15:16] ENVIRONMENT - 1.2.1 changed from 25.7 to 25.8
[2025-01-31 01:15:16] ENV_SENSOR - 1.2.1 changed from 25.7 to 25.8
[2025-01-31 01:15:21] ENVIRONMENT - 1.2.1 changed from 25.8 to 25.6
[2025-01-31 01:15:21] ENV_SENSOR - 1.2.1 changed from 25.8 to 25.6
[2025-01-31 01:15:26] ENVIRONMENT - 1.2.1 changed from 25.6 to 25.8
[2025-01-31 01:15:26] ENV_SENSOR - 1.2.1 changed from 25.6 to 25.8
[2025-01-31 01:15:31] ENVIRONMENT - 1.2.1 changed from 25.8 to 25.8
[2025-01-31 01:15:31] ENV_SENSOR - 1.2.1 changed from 25.8 to 25.8
[2025-01-31 01:15:36] ENVIRONMENT - 1.2.1 changed from 25.8 to 26.0
[2025-01-31 01:15:36] ENV_SENSOR - 1.2.1 changed from 25.8 to 26.0
[2025-01-31 01:15:41] ENVIRONMENT - 1.2.1 changed from 26.0 to 26.2
[2025-01-31 01:15:41] ENV_SENSOR - 1.2.1 changed from 26.0 to 26.2
[2025-01-31 01:15:46] ENVIRONMENT - 1.2.1 changed from 26.2 to 26.2
[2025-01-31 01:15:46] ENV_SENSOR - 1.2.1 changed from 26.2 to 26.2
[2025-01-31 01:15:51] ENVIRONMENT - 1.2.1 changed from 26.2 to 26.4
[2025-01-31 01:15:51] ENV_SENSOR - 1.2.1 changed from 26.2 to 26.4
[2025-01-31 01:15:56] ENVIRONMENT - 1.2.1 changed from 26.4 to 26.6
[2025-01-31 01:15:56] ENV_SENSOR - 1.2.1 changed from 26.4 to 26.6
[2025-01-31 01:16:01] ENVIRONMENT - 1.2.1 changed from 26.6 to 26.4
[2025-01-31 01:16:01] ENV_SENSOR - 1.2.1 changed from 26.6 to 26.4
[2025-01-31 01:16:06] ENVIRONMENT - 1.2.1 changed from 26.4 to 26.3
[2025-01-31 01:16:06] ENV_SENSOR - 1.2.1 changed from 26.4 to 26.3
[2025-01-31 01:16:11] ENVIRONMENT - 1.2.1 changed from 26.3 to 26.2
[2025-01-31 01:16:11] ENV_SENSOR - 1.2.1 changed from 26.3 to 26.2
[2025-01-31 01:16:16] ENVIRONMENT - 1.2.1 changed from 26.2 to 26.1
[2025-01-31 01:16:16] ENV_SENSOR - 1.2.1 changed from 26.2 to 26.1
[2025-01-31 01:16:21] ENVIRONMENT - 1.2.1 changed from 26.1 to 26.1
[2025-01-31 01:16:21] ENV_SENSOR - 1.2.1 changed from 26.1 to 26.1
[2025-01-31 01:16:26] ENVIRONMENT - 1.2.1 changed from 26.1 to 25.9
[2025-01-31 01:16:26] ENV_SENSOR - 1.2.1 changed from 26.1 to 25.9
[2025-01-31 01:16:31] ENVIRONMENT - 1.2.1 changed from 25.9 to 26.0
[2025-01-31 01:16:31] ENV_SENSOR - 1.2.1 changed from 25.9 to 26.0
[2025-01-31 01:16:36] ENVIRONMENT - 1.2.1 changed from 26.0 to 26.1
[2025-01-31 01:16:36] ENV_SENSOR - 1.2.1 changed from 26.0 to 26.1
[2025-01-31 01:16:41] ENVIRONMENT - 1.2.1 changed from 26.1 to 26.3
[2025-01-31 01:16:41] ENV_SENSOR - 1.2.1 changed from 26.1 to 26.3
[2025-01-31 01:16:46] ENVIRONMENT - 1.2.1 changed from 26.3 to 26.5
[2025-01-31 01:16:46] ENV_SENSOR - 1.2.1 changed from 26.3 to 26.5
[2025-01-31 01:16:51] ENVIRONMENT - 1.2.1 changed from 26.5 to 26.4
[2025-01-31 01:16:51] ENV_SENSOR - 1.2.1 changed from 26.5 to 26.4
[2025-01-31 01:16:56] ENVIRONMENT - 1.2.1 changed from 26.4 to 26.4
[2025-01-31 01:16:56] ENV_SENSOR - 1.2.1 changed from 26.4 to 26.4
[2025-01-31 01:17:01] ENVIRONMENT - 1.2.1 changed from 26.4 to 26.5
[2025-01-31 01:17:01] ENV_SENSOR - 1.2.1 changed from 26.4 to 26.5
[2025-01-31 01:17:06] ENVIRONMENT - 1.2.1 changed from 26.5 to 26.4
[2025-01-31 01:17:06] ENV_SENSOR - 1.2.1 changed from 26.5 to 26.4
[2025-01-31 01:17:11] ENVIRONMENT - 1.2.1 changed from 26.4 to 26.3
[2025-01-31 01:17:11] ENV_SENSOR - 1.2.1 changed from 26.4 to 26.3
[2025-01-31 01:17:16] ENVIRONMENT - 1.2.1 changed from 26.3 to 26.5
[2025-01-31 01:17:16] ENV_SENSOR - 1.2.1 changed from 26.3 to 26.5
[2025-01-31 01:17:21] ENVIRONMENT - 1.2.1 changed from 26.5 to 26.4
[2025-01-31 01:17:21] ENV_SENSOR - 1.2.1 changed from 26.5 to 26.4
[2025-01-31 01:17:26] ENVIRONMENT - 1.2.1 changed from 26.4 to 26.3
[2025-01-31 01:17:26] ENV_SENSOR - 1.2.1 changed from 26.4 to 26.3
[2025-01-31 01:17:31] ENVIRONMENT - 1.2.1 changed from 26.3 to 26.5
[2025-01-31 01:17:31] ENV_SENSOR - 1.2.1 changed from 26.3 to 26.5
[2025-01-31 01:17:36] ENVIRONMENT - 1.2.1 changed from 26.5 to 26.4
[2025-01-31 01:17:36] ENV_SENSOR - 1.2.1 changed from 26.5 to 26.4
[2025-01-31 01:17:41] ENVIRONMENT - 1.2.1 changed from 26.4 to 26.2
[2025-01-31 01:17:41] ENV_SENSOR - 1.2.1 changed from 26.4 to 26.2
[2025-01-31 01:17:46] ENVIRONMENT - 1.2.1 changed from 26.2 to 26.0
[2025-01-31 01:17:46] ENV_SENSOR - 1.2.1 changed from 26.2 to 26.0
[2025-01-31 01:17:52] ENVIRONMENT - 1.2.1 changed from 26.0 to 26.2
[2025-01-31 01:17:52] ENV_SENSOR - 1.2.1 changed from 26.0 to 26.2
[2025-01-31 01:17:57] ENVIRONMENT - 1.2.1 changed from 26.2 to 26.4
[2025-01-31 01:17:57] ENV_SENSOR - 1.2.1 changed from 26.2 to 26.4
[2025-01-31 01:18:02] ENVIRONMENT - 1.2.1 changed from 26.4 to 26.3
[2025-01-31 01:18:02] ENV_SENSOR - 1.2.1 changed from 26.4 to 26.3
[2025-01-31 01:18:07] ENVIRONMENT - 1.2.1 changed from 26.3 to 26.4
[2025-01-31 01:18:07] ENV_SENSOR - 1.2.1 changed from 26.3 to 26.4
[2025-01-31 01:18:12] ENVIRONMENT - 1.2.1 changed from 26.4 to 26.3
[2025-01-31 01:18:12] ENV_SENSOR - 1.2.1 changed from 26.4 to 26.3
[2025-01-31 01:18:17] ENVIRONMENT - 1.2.1 changed from 26.3 to 26.1
[2025-01-31 01:18:17] ENV_SENSOR - 1.2.1 changed from 26.3 to 26.1
[2025-01-31 01:18:22] ENVIRONMENT - 1.2.1 changed from 26.1 to 25.9
[2025-01-31 01:18:22] ENV_SENSOR - 1.2.1 changed from 26.1 to 25.9
